<?xml version="1.0" encoding="UTF-8"?>
<testng-results ignored="0" total="1" passed="1" failed="0" skipped="0">
  <reporter-output>
    <line>
      <![CDATA[Setting up the report and Test is getting ready]]>
    </line>
    <line>
      <![CDATA[Setting Done- Test can be Started]]>
    </line>
    <line>
      <![CDATA[Trying to start browser and getting application ready]]>
    </line>
    <line>
      <![CDATA[Browser and application is up and running]]>
    </line>
    <line>
      <![CDATA[Test is about end]]>
    </line>
    <line>
      <![CDATA[Test completed >>> Reports generated]]>
    </line>
  </reporter-output>
  <suite started-at="2023-09-16T12:42:15Z" name="Suite" finished-at="2023-09-16T12:42:41Z" duration-ms="25986">
    <groups>
    </groups>
    <test started-at="2023-09-16T12:42:15Z" name="Test" finished-at="2023-09-16T12:42:41Z" duration-ms="25986">
      <class name="com.learnautomation.testcases.LoginTestCRM">
        <test-method is-config="true" signature="setUpSuite()[pri:0, instance:com.learnautomation.testcases.LoginTestCRM@1e8b7643]" started-at="2023-09-16T18:12:14Z" name="setUpSuite" finished-at="2023-09-16T18:12:15Z" duration-ms="1854" status="PASS">
          <reporter-output>
            <line>
              <![CDATA[Setting up the report and Test is getting ready]]>
            </line>
            <line>
              <![CDATA[Setting Done- Test can be Started]]>
            </line>
          </reporter-output>
        </test-method> <!-- setUpSuite -->
        <test-method is-config="true" signature="setup()[pri:0, instance:com.learnautomation.testcases.LoginTestCRM@1e8b7643]" started-at="2023-09-16T18:12:15Z" name="setup" finished-at="2023-09-16T18:12:27Z" duration-ms="11331" status="PASS">
          <reporter-output>
            <line>
              <![CDATA[Trying to start browser and getting application ready]]>
            </line>
            <line>
              <![CDATA[Browser and application is up and running]]>
            </line>
          </reporter-output>
        </test-method> <!-- setup -->
        <test-method signature="loginapp()[pri:0, instance:com.learnautomation.testcases.LoginTestCRM@1e8b7643]" started-at="2023-09-16T18:12:27Z" name="loginapp" finished-at="2023-09-16T18:12:39Z" duration-ms="12607" status="PASS">
          <reporter-output>
          </reporter-output>
        </test-method> <!-- loginapp -->
        <test-method is-config="true" signature="tearDownMethod(org.testng.ITestResult)[pri:0, instance:com.learnautomation.testcases.LoginTestCRM@1e8b7643]" started-at="2023-09-16T18:12:39Z" name="tearDownMethod" finished-at="2023-09-16T18:12:40Z" duration-ms="946" status="PASS">
          <params>
            <param index="0">
              <value>
                <![CDATA[[TestResult name=loginapp status=SUCCESS method=LoginTestCRM.loginapp()[pri:0, instance:com.learnautomation.testcases.LoginTestCRM@1e8b7643] output={null}]]]>
              </value>
            </param>
          </params>
          <reporter-output>
            <line>
              <![CDATA[Test is about end]]>
            </line>
            <line>
              <![CDATA[Test completed >>> Reports generated]]>
            </line>
          </reporter-output>
        </test-method> <!-- tearDownMethod -->
        <test-method is-config="true" signature="tearDown()[pri:0, instance:com.learnautomation.testcases.LoginTestCRM@1e8b7643]" started-at="2023-09-16T18:12:40Z" name="tearDown" finished-at="2023-09-16T18:12:41Z" duration-ms="1044" status="PASS">
          <reporter-output>
          </reporter-output>
        </test-method> <!-- tearDown -->
      </class> <!-- com.learnautomation.testcases.LoginTestCRM -->
    </test> <!-- Test -->
  </suite> <!-- Suite -->
</testng-results>
